<?xml version="1.0" encoding="UTF-8"?>
<testng-results ignored="0" total="2" passed="2" failed="0" skipped="0">
  <reporter-output>
  </reporter-output>
  <suite started-at="2024-09-23T11:23:31 IST" name="Suite" finished-at="2024-09-23T11:25:29 IST" duration-ms="117569">
    <groups>
    </groups>
    <test started-at="2024-09-23T11:23:31 IST" name="Test" finished-at="2024-09-23T11:25:29 IST" duration-ms="117569">
      <class name="aertripTestCases.BookFlight">
        <test-method is-config="true" signature="setUp()[pri:0, instance:aertripTestCases.BookFlight@5f9edf14]" started-at="2024-09-23T11:23:19 IST" name="setUp" finished-at="2024-09-23T11:23:31 IST" duration-ms="12827" status="PASS">
          <reporter-output>
          </reporter-output>
        </test-method> <!-- setUp -->
        <test-method signature="loginAertrip(java.lang.String,java.lang.String,java.lang.String)[pri:1, instance:aertripTestCases.BookFlight@5f9edf14]" started-at="2024-09-23T11:23:32 IST" name="loginAertrip" data-provider="loginDetails" finished-at="2024-09-23T11:23:44 IST" duration-ms="12137" status="PASS">
          <params>
            <param index="0">
              <value>
                <![CDATA[vchafle@planittesting.com]]>
              </value>
            </param>
            <param index="1">
              <value>
                <![CDATA[Vinay@123]]>
              </value>
            </param>
            <param index="2">
              <value>
                <![CDATA[123456]]>
              </value>
            </param>
          </params>
          <reporter-output>
          </reporter-output>
        </test-method> <!-- loginAertrip -->
        <test-method signature="searchFlights(java.lang.String,java.lang.String,java.lang.String,java.lang.String,java.lang.String,java.lang.String,java.lang.String)[pri:2, instance:aertripTestCases.BookFlight@5f9edf14]" started-at="2024-09-23T11:23:45 IST" name="searchFlights" data-provider="flightBookingDetails" finished-at="2024-09-23T11:25:29 IST" duration-ms="104025" status="PASS">
          <params>
            <param index="0">
              <value>
                <![CDATA[Delhi]]>
              </value>
            </param>
            <param index="1">
              <value>
                <![CDATA[Hyderabad]]>
              </value>
            </param>
            <param index="2">
              <value>
                <![CDATA[Vinay]]>
              </value>
            </param>
            <param index="3">
              <value>
                <![CDATA[Chafle]]>
              </value>
            </param>
            <param index="4">
              <value>
                <![CDATA[Mr.]]>
              </value>
            </param>
            <param index="5">
              <value>
                <![CDATA[Ankush]]>
              </value>
            </param>
            <param index="6">
              <value>
                <![CDATA[Singh]]>
              </value>
            </param>
          </params>
          <reporter-output>
          </reporter-output>
        </test-method> <!-- searchFlights -->
        <test-method is-config="true" signature="tearDown()[pri:0, instance:aertripTestCases.BookFlight@5f9edf14]" started-at="2024-09-23T11:25:29 IST" name="tearDown" finished-at="2024-09-23T11:25:29 IST" duration-ms="210" status="PASS">
          <reporter-output>
          </reporter-output>
        </test-method> <!-- tearDown -->
      </class> <!-- aertripTestCases.BookFlight -->
    </test> <!-- Test -->
  </suite> <!-- Suite -->
</testng-results>
