<?xml version="1.0" encoding="UTF-8"?>
<testng-results ignored="0" total="1" passed="1" failed="0" skipped="0">
  <reporter-output>
  </reporter-output>
  <suite started-at="2024-08-21T09:53:20 IST" name="Suite" finished-at="2024-08-21T09:53:49 IST" duration-ms="28938">
    <groups>
    </groups>
    <test started-at="2024-08-21T09:53:20 IST" name="Test" finished-at="2024-08-21T09:53:49 IST" duration-ms="28938">
      <class name="aertripTestCases.SearchFlights">
        <test-method is-config="true" signature="setUp()[pri:0, instance:aertripTestCases.SearchFlights@730d2164]" started-at="2024-08-21T09:53:20 IST" name="setUp" finished-at="2024-08-21T09:53:33 IST" duration-ms="12905" status="PASS">
          <reporter-output>
          </reporter-output>
        </test-method> <!-- setUp -->
        <test-method signature="searchFlights()[pri:0, instance:aertripTestCases.SearchFlights@730d2164]" started-at="2024-08-21T09:53:33 IST" name="searchFlights" finished-at="2024-08-21T09:53:49 IST" duration-ms="15983" status="PASS">
          <reporter-output>
          </reporter-output>
        </test-method> <!-- searchFlights -->
      </class> <!-- aertripTestCases.SearchFlights -->
    </test> <!-- Test -->
  </suite> <!-- Suite -->
</testng-results>
